[09:04:42] [main/INFO]: Using mbed TLS based native cipher.
[09:04:42] [main/INFO]: Using zlib based native compressor.
[09:04:42] [main/INFO]: Enabled Waterfall version git:Waterfall-Bootstrap:1.19-R0.1-SNAPSHOT:f6069e2:513
[09:04:42] [main/INFO]: Not on Windows, attempting to use enhanced EpollEventLoop
[09:04:42] [main/INFO]: Epoll is working, utilising it!
[09:04:42] [main/INFO]: Discovered module: ModuleSpec(name=cmd_alert, file=modules/cmd_alert.jar, provider=JenkinsModuleSource())
[09:04:42] [main/INFO]: Discovered module: ModuleSpec(name=cmd_find, file=modules/cmd_find.jar, provider=JenkinsModuleSource())
[09:04:42] [main/INFO]: Discovered module: ModuleSpec(name=cmd_list, file=modules/cmd_list.jar, provider=JenkinsModuleSource())
[09:04:42] [main/INFO]: Discovered module: ModuleSpec(name=cmd_send, file=modules/cmd_send.jar, provider=JenkinsModuleSource())
[09:04:42] [main/INFO]: Discovered module: ModuleSpec(name=cmd_server, file=modules/cmd_server.jar, provider=JenkinsModuleSource())
[09:04:42] [main/INFO]: Discovered module: ModuleSpec(name=reconnect_yaml, file=modules/reconnect_yaml.jar, provider=JenkinsModuleSource())
[09:04:42] [main/INFO]: Attempting to update plugin from null to ModuleVersion(build=513, git=f6069e2)
[09:04:42] [main/INFO]: Attempting to Jenkins download module cmd_alert v513
[09:04:43] [main/INFO]: Download complete
[09:04:43] [main/INFO]: Attempting to update plugin from null to ModuleVersion(build=513, git=f6069e2)
[09:04:43] [main/INFO]: Attempting to Jenkins download module cmd_find v513
[09:04:43] [main/INFO]: Download complete
[09:04:43] [main/INFO]: Attempting to update plugin from null to ModuleVersion(build=513, git=f6069e2)
[09:04:43] [main/INFO]: Attempting to Jenkins download module cmd_list v513
[09:04:43] [main/INFO]: Download complete
[09:04:43] [main/INFO]: Attempting to update plugin from null to ModuleVersion(build=513, git=f6069e2)
[09:04:43] [main/INFO]: Attempting to Jenkins download module cmd_send v513
[09:04:43] [main/INFO]: Download complete
[09:04:43] [main/INFO]: Attempting to update plugin from null to ModuleVersion(build=513, git=f6069e2)
[09:04:43] [main/INFO]: Attempting to Jenkins download module cmd_server v513
[09:04:43] [main/INFO]: Download complete
[09:04:43] [main/INFO]: Attempting to update plugin from null to ModuleVersion(build=513, git=f6069e2)
[09:04:43] [main/INFO]: Attempting to Jenkins download module reconnect_yaml v513
[09:04:44] [main/INFO]: Download complete
[09:04:44] [main/INFO]: Loaded plugin reconnect_yaml version git:reconnect_yaml:1.19-R0.1-SNAPSHOT:f6069e2:513 by WaterfallMC
[09:04:44] [main/INFO]: Loaded plugin cmd_find version git:cmd_find:1.19-R0.1-SNAPSHOT:f6069e2:513 by WaterfallMC
[09:04:44] [main/INFO]: Loaded plugin cmd_server version git:cmd_server:1.19-R0.1-SNAPSHOT:f6069e2:513 by WaterfallMC
[09:04:44] [main/INFO]: Loaded plugin cmd_alert version git:cmd_alert:1.19-R0.1-SNAPSHOT:f6069e2:513 by WaterfallMC
[09:04:44] [main/INFO]: Loaded plugin cmd_send version git:cmd_send:1.19-R0.1-SNAPSHOT:f6069e2:513 by WaterfallMC
[09:04:44] [main/INFO]: Loaded plugin cmd_list version git:cmd_list:1.19-R0.1-SNAPSHOT:f6069e2:513 by WaterfallMC
[09:04:44] [main/WARN]: :>:>:>:>:>:>:>:>:>:>:>:>:>:>:>:>:>:>:>:>:>:>:>
[09:04:44] [main/WARN]: :>  
[09:04:44] [main/WARN]: :>      EAGLERCRAFTXBUNGEE WARNING:
[09:04:44] [main/WARN]: :>  
[09:04:44] [main/WARN]: :>  This plugin wasn't tested to be 'working'
[09:04:44] [main/WARN]: :>  with ANY version of BungeeCord (and forks)
[09:04:44] [main/WARN]: :>  apart from the versions listed below:
[09:04:44] [main/WARN]: :>  
[09:04:44] [main/WARN]: :>  - BungeeCord: 1.20-R0.2-SNAPSHOT:231024b:1777
[09:04:44] [main/WARN]: :>  - Waterfall: 1.20-R0.2-SNAPSHOT:d85fe36:556
[09:04:44] [main/WARN]: :>  - FlameCord: 1.1.1
[09:04:44] [main/WARN]: :>  
[09:04:44] [main/WARN]: :>  This is not a Bukkit/Spigot plugin!
[09:04:44] [main/WARN]: :>  
[09:04:44] [main/WARN]: :>  Use "-Deaglerxbungee.stfu=true" to hide
[09:04:44] [main/WARN]: :>  
[09:04:44] [main/WARN]: :>:>:>:>:>:>:>:>:>:>:>:>:>:>:>:>:>:>:>:>:>:>:>
[09:04:44] [main/INFO] [EaglercraftXBungee]: Loading vanilla profile: lax1dude
[09:04:45] [Skin Download Thread #1/INFO] [EaglercraftXBungee]: Loaded vanilla profile: lax1dude
[09:04:45] [main/INFO]: Loaded plugin EaglercraftXBungee version 1.0.9 by lax1dude
[09:04:45] [main/WARN]: Forced host server pvp is not defined
[09:04:45] [main/INFO]: Enabled plugin reconnect_yaml version git:reconnect_yaml:1.19-R0.1-SNAPSHOT:f6069e2:513 by WaterfallMC
[09:04:45] [main/INFO]: Enabled plugin cmd_find version git:cmd_find:1.19-R0.1-SNAPSHOT:f6069e2:513 by WaterfallMC
[09:04:45] [main/INFO]: Enabled plugin cmd_server version git:cmd_server:1.19-R0.1-SNAPSHOT:f6069e2:513 by WaterfallMC
[09:04:45] [main/INFO]: Enabled plugin cmd_alert version git:cmd_alert:1.19-R0.1-SNAPSHOT:f6069e2:513 by WaterfallMC
[09:04:45] [main/INFO]: Enabled plugin cmd_send version git:cmd_send:1.19-R0.1-SNAPSHOT:f6069e2:513 by WaterfallMC
[09:04:45] [main/INFO]: Enabled plugin cmd_list version git:cmd_list:1.19-R0.1-SNAPSHOT:f6069e2:513 by WaterfallMC
[09:04:45] [main/ERROR] [EaglercraftXBungee]: Online mode is set to false! Authentication system has been disabled
[09:04:45] [Netty Worker IO Thread #0/INFO] [EaglercraftXBungee]: Eaglercraft is listening on: /0.0.0.0:8081
[09:04:45] [main/INFO] [EaglercraftXBungee]: Connected to database: jdbc:sqlite:eaglercraft_skins_cache.db
[09:04:45] [main/INFO]: Enabled plugin EaglercraftXBungee version 1.0.9 by lax1dude
[09:04:45] [Netty Boss IO Thread #0/INFO]: Listening on /127.0.0.1:25577
[09:05:46] [Shutdown Thread/INFO]: Closing listener [id: 0x6f4cc92e, L:/127.0.0.1:25577]
[09:05:46] [Shutdown Thread/INFO]: Closing pending connections
[09:05:46] [Shutdown Thread/INFO]: Disconnecting 0 connections
[09:05:47] [Shutdown Thread/INFO]: Disabling plugins
[09:05:47] [Shutdown Thread/INFO] [EaglercraftXBungee]: Eaglercraft listener closed: /0.0.0.0:8081
[09:05:47] [Shutdown Thread/INFO] [EaglercraftXBungee]: Successfully disconnected from database 'jdbc:sqlite:eaglercraft_skins_cache.db'
[09:05:47] [Shutdown Thread/INFO] [EaglercraftXBungee]: Stopping skin cache HTTP client...
[09:05:49] [Shutdown Thread/INFO]: Closing IO threads
[09:05:51] [Shutdown Thread/INFO]: Thank you and goodbye
